<?xml version="1.0" encoding="UTF-8"?>
<testng-results skipped="0" failed="0" ignored="0" total="1" passed="1">
  <reporter-output>
  </reporter-output>
  <suite name="Default suite" duration-ms="5620" started-at="2020-07-26T14:23:59 IST" finished-at="2020-07-26T14:24:05 IST">
    <groups>
    </groups>
    <test name="Default test" duration-ms="5620" started-at="2020-07-26T14:23:59 IST" finished-at="2020-07-26T14:24:05 IST">
      <class name="com.bridgelabz.Spotify">
        <test-method status="PASS" signature="setup()[pri:0, instance:com.bridgelabz.Spotify@6321e813]" name="setup" is-config="true" duration-ms="14" started-at="2020-07-26T14:24:00 IST" finished-at="2020-07-26T14:24:00 IST">
          <reporter-output>
          </reporter-output>
        </test-method> <!-- setup -->
        <test-method status="PASS" signature="totesttheApisofspotifyAndcheckresponse()[pri:0, instance:com.bridgelabz.Spotify@6321e813]" name="totesttheApisofspotifyAndcheckresponse" duration-ms="5524" started-at="2020-07-26T14:24:00 IST" finished-at="2020-07-26T14:24:05 IST">
          <reporter-output>
          </reporter-output>
        </test-method> <!-- totesttheApisofspotifyAndcheckresponse -->
      </class> <!-- com.bridgelabz.Spotify -->
    </test> <!-- Default test -->
  </suite> <!-- Default suite -->
</testng-results>
